\BOOKMARK [1][-]{section.1}{Introduction}{}% 1
\BOOKMARK [1][-]{section.2}{Theoretical Framework}{}% 2
\BOOKMARK [2][-]{subsection.2.1}{Recognition and Disclosure}{section.2}% 3
\BOOKMARK [2][-]{subsection.2.2}{Definition of Narrative Conservatism}{section.2}% 4
\BOOKMARK [1][-]{section.3}{Research Design}{}% 5
\BOOKMARK [2][-]{subsection.3.1}{Proxies for Textual Properties and News}{section.3}% 6
\BOOKMARK [2][-]{subsection.3.2}{Narrative Disclosure Corpora}{section.3}% 7
\BOOKMARK [2][-]{subsection.3.3}{Model Specification}{section.3}% 8
\BOOKMARK [3][-]{subsubsection.3.3.1}{Form 10-Q}{subsection.3.3}% 9
\BOOKMARK [3][-]{subsubsection.3.3.2}{Form 8-K}{subsection.3.3}% 10
\BOOKMARK [2][-]{subsection.3.4}{Data}{section.3}% 11
\BOOKMARK [1][-]{section.4}{Main Results}{}% 12
\BOOKMARK [2][-]{subsection.4.1}{Summary Statistics}{section.4}% 13
\BOOKMARK [2][-]{subsection.4.2}{Is 10-Q Narrative Disclosure Conservative?}{section.4}% 14
\BOOKMARK [2][-]{subsection.4.3}{Is 8-K Narrative Disclosure Conservative?}{section.4}% 15
\BOOKMARK [1][-]{section.5}{Additional Analyses}{}% 16
\BOOKMARK [2][-]{subsection.5.1}{Narrative Conservatism in MD\046A and NFS}{section.5}% 17
\BOOKMARK [2][-]{subsection.5.2}{Narrative Conservatism in Voluntary and Mandatory Disclosure}{section.5}% 18
\BOOKMARK [2][-]{subsection.5.3}{Narrative Conservatism and Intangible Assets}{section.5}% 19
\BOOKMARK [2][-]{subsection.5.4}{Narrative Conservatism and Conditional Conservatism}{section.5}% 20
\BOOKMARK [2][-]{subsection.5.5}{Narrative Conservatism and Managerial Incentives}{section.5}% 21
\BOOKMARK [2][-]{subsection.5.6}{Robustness Checks}{section.5}% 22
\BOOKMARK [1][-]{section.6}{Conclusions}{}% 23
\BOOKMARK [1][-]{section*.1}{References}{}% 24
